\BOOKMARK [1][-]{section.1}{INTRODUCTION}{}% 1
\BOOKMARK [2][-]{subsection.1.1}{Problem Statement}{section.1}% 2
\BOOKMARK [2][-]{subsection.1.2}{Project Objectives}{section.1}% 3
\BOOKMARK [2][-]{subsection.1.3}{Stakeholders}{section.1}% 4
\BOOKMARK [3][-]{subsubsection.1.3.1}{Users}{subsection.1.3}% 5
\BOOKMARK [3][-]{subsubsection.1.3.2}{Developers}{subsection.1.3}% 6
\BOOKMARK [3][-]{subsubsection.1.3.3}{Project Manager}{subsection.1.3}% 7
\BOOKMARK [1][-]{section.2}{SOFTWARE REQUIREMENT SPECIFICATION}{}% 8
\BOOKMARK [2][-]{subsection.2.1}{Introduction}{section.2}% 9
\BOOKMARK [3][-]{subsubsection.2.1.1}{Purpose}{subsection.2.1}% 10
\BOOKMARK [3][-]{subsubsection.2.1.2}{Document Conventions}{subsection.2.1}% 11
\BOOKMARK [3][-]{subsubsection.2.1.3}{Intended Audience and Reading Suggestions}{subsection.2.1}% 12
\BOOKMARK [3][-]{subsubsection.2.1.4}{Project Scope}{subsection.2.1}% 13
\BOOKMARK [3][-]{subsubsection.2.1.5}{Definitions and Acronyms}{subsection.2.1}% 14
\BOOKMARK [2][-]{subsection.2.2}{Overall Description}{section.2}% 15
\BOOKMARK [3][-]{subsubsection.2.2.1}{Product Perspective}{subsection.2.2}% 16
\BOOKMARK [3][-]{subsubsection.2.2.2}{Product Features}{subsection.2.2}% 17
\BOOKMARK [3][-]{subsubsection.2.2.3}{User Classes and Characteristics}{subsection.2.2}% 18
\BOOKMARK [3][-]{subsubsection.2.2.4}{Operating Environment}{subsection.2.2}% 19
\BOOKMARK [3][-]{subsubsection.2.2.5}{Design and Implementation Constraints}{subsection.2.2}% 20
\BOOKMARK [3][-]{subsubsection.2.2.6}{User Documentation}{subsection.2.2}% 21
\BOOKMARK [3][-]{subsubsection.2.2.7}{Assumptions and Dependencies}{subsection.2.2}% 22
\BOOKMARK [2][-]{subsection.2.3}{System Features}{section.2}% 23
\BOOKMARK [3][-]{subsubsection.2.3.1}{System Feature 1 - Adding items to shopping cart}{subsection.2.3}% 24
\BOOKMARK [3][-]{subsubsection.2.3.2}{System Feature 2 - Add Location}{subsection.2.3}% 25
\BOOKMARK [3][-]{subsubsection.2.3.3}{System Feature 3 - Preferred Optimisation}{subsection.2.3}% 26
\BOOKMARK [3][-]{subsubsection.2.3.4}{System Feature 5 - Generate Route}{subsection.2.3}% 27
\BOOKMARK [3][-]{subsubsection.2.3.5}{System Feature 6 - Menu}{subsection.2.3}% 28
\BOOKMARK [2][-]{subsection.2.4}{External Interface Requirements}{section.2}% 29
\BOOKMARK [3][-]{subsubsection.2.4.1}{User Interfaces - GUI}{subsection.2.4}% 30
\BOOKMARK [3][-]{subsubsection.2.4.2}{Hardware Interfaces}{subsection.2.4}% 31
\BOOKMARK [3][-]{subsubsection.2.4.3}{Software Interfaces}{subsection.2.4}% 32
\BOOKMARK [3][-]{subsubsection.2.4.4}{Communications Interfaces}{subsection.2.4}% 33
\BOOKMARK [2][-]{subsection.2.5}{Other Non-functional Requirements}{section.2}% 34
\BOOKMARK [3][-]{subsubsection.2.5.1}{Performance Requirements}{subsection.2.5}% 35
\BOOKMARK [3][-]{subsubsection.2.5.2}{Safety Requirements}{subsection.2.5}% 36
\BOOKMARK [3][-]{subsubsection.2.5.3}{Security Requirements}{subsection.2.5}% 37
\BOOKMARK [3][-]{subsubsection.2.5.4}{Software Quality Attributes}{subsection.2.5}% 38
\BOOKMARK [1][-]{section.3}{DESIGN DOCUMENT}{}% 39
\BOOKMARK [2][-]{subsection.3.1}{Scope}{section.3}% 40
\BOOKMARK [2][-]{subsection.3.2}{Target Market}{section.3}% 41
\BOOKMARK [2][-]{subsection.3.3}{Development Methods}{section.3}% 42
\BOOKMARK [2][-]{subsection.3.4}{System Architectural Strategies}{section.3}% 43
\BOOKMARK [2][-]{subsection.3.5}{Overview}{section.3}% 44
\BOOKMARK [2][-]{subsection.3.6}{Design Considerations}{section.3}% 45
\BOOKMARK [3][-]{subsubsection.3.6.1}{Assumptions and Dependencies}{subsection.3.6}% 46
\BOOKMARK [3][-]{subsubsection.3.6.2}{Success Criteria}{subsection.3.6}% 47
\BOOKMARK [2][-]{subsection.3.7}{Architectural Strategies}{section.3}% 48
\BOOKMARK [2][-]{subsection.3.8}{Use Cases}{section.3}% 49
\BOOKMARK [2][-]{subsection.3.9}{Relevant Modules}{section.3}% 50
\BOOKMARK [3][-]{subsubsection.3.9.1}{Style Modules \(CSS\)}{subsection.3.9}% 51
\BOOKMARK [3][-]{subsubsection.3.9.2}{Side Navigation Module}{subsection.3.9}% 52
\BOOKMARK [3][-]{subsubsection.3.9.3}{Create Account Module}{subsection.3.9}% 53
\BOOKMARK [3][-]{subsubsection.3.9.4}{Login Module}{subsection.3.9}% 54
\BOOKMARK [3][-]{subsubsection.3.9.5}{Home Page Module}{subsection.3.9}% 55
\BOOKMARK [3][-]{subsubsection.3.9.6}{Route Generation Module}{subsection.3.9}% 56
\BOOKMARK [3][-]{subsubsection.3.9.7}{Google Api Module}{subsection.3.9}% 57
\BOOKMARK [2][-]{subsection.3.10}{Overview}{section.3}% 58
\BOOKMARK [2][-]{subsection.3.11}{Design Considerations}{section.3}% 59
\BOOKMARK [3][-]{subsubsection.3.11.1}{Assumptions and Dependencies}{subsection.3.11}% 60
\BOOKMARK [3][-]{subsubsection.3.11.2}{General Constraints}{subsection.3.11}% 61
\BOOKMARK [3][-]{subsubsection.3.11.3}{Success Criteria}{subsection.3.11}% 62
\BOOKMARK [2][-]{subsection.3.12}{Architectural Strategies}{section.3}% 63
\BOOKMARK [2][-]{subsection.3.13}{System Architecture and Data Design}{section.3}% 64
\BOOKMARK [2][-]{subsection.3.14}{Relevant Modules}{section.3}% 65
\BOOKMARK [3][-]{subsubsection.3.14.1}{Home Page Module}{subsection.3.14}% 66
\BOOKMARK [3][-]{subsubsection.3.14.2}{Database Permutations Module}{subsection.3.14}% 67
\BOOKMARK [3][-]{subsubsection.3.14.3}{Route Generation Module}{subsection.3.14}% 68
\BOOKMARK [3][-]{subsubsection.3.14.4}{Create Account Module}{subsection.3.14}% 69
\BOOKMARK [3][-]{subsubsection.3.14.5}{Login Module}{subsection.3.14}% 70
\BOOKMARK [1][-]{section.4}{SPRINT PLANNING}{}% 71
\BOOKMARK [2][-]{subsection.4.1}{Project Predecessor Tasks: 18 February}{section.4}% 72
\BOOKMARK [2][-]{subsection.4.2}{Sprint 1: 18 February - 26 February}{section.4}% 73
\BOOKMARK [2][-]{subsection.4.3}{Sprint 2: 3 March - 10 March}{section.4}% 74
\BOOKMARK [2][-]{subsection.4.4}{Sprint 3: 24 March - 4 April}{section.4}% 75
\BOOKMARK [2][-]{subsection.4.5}{Sprint 4: 5 April - 11 April}{section.4}% 76
\BOOKMARK [1][-]{section.5}{SPRINT RETROSPECTIVE}{}% 77
\BOOKMARK [2][-]{subsection.5.1}{Predecessor Tasks}{section.5}% 78
\BOOKMARK [2][-]{subsection.5.2}{Sprint 1}{section.5}% 79
\BOOKMARK [2][-]{subsection.5.3}{Sprint 2}{section.5}% 80
\BOOKMARK [2][-]{subsection.5.4}{Sprint 3}{section.5}% 81
\BOOKMARK [2][-]{subsection.5.5}{Sprint 4}{section.5}% 82
